[github.com/opisnoeasy/course-service]2022/09/09 - 15:18:42.382	[34minfo[0m	D:/code/course-admin/initialize/gorm.go:72	register table success
[github.com/opisnoeasy/course-service]2022/09/09 - 15:18:42.388	[34minfo[0m	D:/code/course-admin/initialize/redis.go:23	redis connect ping response:	{"pong": "PONG"}
[github.com/opisnoeasy/course-service]2022/09/09 - 15:18:42.389	[34minfo[0m	D:/code/course-admin/initialize/router.go:40	register swagger handler
[github.com/opisnoeasy/course-service]2022/09/09 - 15:18:42.399	[34minfo[0m	D:/code/course-admin/initialize/router.go:92	router register success
[github.com/opisnoeasy/course-service]2022/09/09 - 15:18:42.401	[34minfo[0m	D:/code/course-admin/core/server.go:36	server run success on 	{"address": ":8888"}
[github.com/opisnoeasy/course-service]2022/09/09 - 15:46:11.155	[34minfo[0m	D:/code/course-admin/initialize/gorm.go:72	register table success
[github.com/opisnoeasy/course-service]2022/09/09 - 15:46:11.158	[34minfo[0m	D:/code/course-admin/initialize/redis.go:23	redis connect ping response:	{"pong": "PONG"}
[github.com/opisnoeasy/course-service]2022/09/09 - 15:46:11.159	[34minfo[0m	D:/code/course-admin/initialize/router.go:40	register swagger handler
[github.com/opisnoeasy/course-service]2022/09/09 - 15:46:11.171	[34minfo[0m	D:/code/course-admin/initialize/router.go:92	router register success
[github.com/opisnoeasy/course-service]2022/09/09 - 15:46:11.183	[34minfo[0m	D:/code/course-admin/core/server.go:36	server run success on 	{"address": ":8090"}
[github.com/opisnoeasy/course-service]2022/09/09 - 16:19:09.982	[34minfo[0m	D:/code/course-admin/initialize/gorm.go:72	register table success
[github.com/opisnoeasy/course-service]2022/09/09 - 16:19:09.984	[34minfo[0m	D:/code/course-admin/initialize/redis.go:23	redis connect ping response:	{"pong": "PONG"}
[github.com/opisnoeasy/course-service]2022/09/09 - 16:19:09.985	[34minfo[0m	D:/code/course-admin/initialize/router.go:40	register swagger handler
[github.com/opisnoeasy/course-service]2022/09/09 - 16:19:09.996	[34minfo[0m	D:/code/course-admin/initialize/router.go:92	router register success
[github.com/opisnoeasy/course-service]2022/09/09 - 16:19:10.000	[34minfo[0m	D:/code/course-admin/core/server.go:36	server run success on 	{"address": ":8090"}
[github.com/opisnoeasy/course-service]2022/09/09 - 16:22:19.572	[34minfo[0m	D:/code/course-admin/initialize/gorm.go:72	register table success
[github.com/opisnoeasy/course-service]2022/09/09 - 16:22:19.575	[34minfo[0m	D:/code/course-admin/initialize/redis.go:23	redis connect ping response:	{"pong": "PONG"}
[github.com/opisnoeasy/course-service]2022/09/09 - 16:22:19.576	[34minfo[0m	D:/code/course-admin/initialize/router.go:40	register swagger handler
[github.com/opisnoeasy/course-service]2022/09/09 - 16:22:19.588	[34minfo[0m	D:/code/course-admin/initialize/router.go:92	router register success
[github.com/opisnoeasy/course-service]2022/09/09 - 16:22:19.594	[34minfo[0m	D:/code/course-admin/core/server.go:36	server run success on 	{"address": ":8090"}
[github.com/opisnoeasy/course-service]2022/09/09 - 16:23:08.172	[34minfo[0m	D:/code/course-admin/initialize/gorm.go:72	register table success
[github.com/opisnoeasy/course-service]2022/09/09 - 16:23:08.174	[34minfo[0m	D:/code/course-admin/initialize/redis.go:23	redis connect ping response:	{"pong": "PONG"}
[github.com/opisnoeasy/course-service]2022/09/09 - 16:23:08.175	[34minfo[0m	D:/code/course-admin/initialize/router.go:40	register swagger handler
[github.com/opisnoeasy/course-service]2022/09/09 - 16:23:08.187	[34minfo[0m	D:/code/course-admin/initialize/router.go:92	router register success
[github.com/opisnoeasy/course-service]2022/09/09 - 16:23:08.198	[34minfo[0m	D:/code/course-admin/core/server.go:36	server run success on 	{"address": ":8090"}
[github.com/opisnoeasy/course-service]2022/09/09 - 16:23:40.905	[34minfo[0m	D:/code/course-admin/initialize/gorm.go:72	register table success
[github.com/opisnoeasy/course-service]2022/09/09 - 16:23:40.908	[34minfo[0m	D:/code/course-admin/initialize/redis.go:23	redis connect ping response:	{"pong": "PONG"}
[github.com/opisnoeasy/course-service]2022/09/09 - 16:23:40.909	[34minfo[0m	D:/code/course-admin/initialize/router.go:40	register swagger handler
[github.com/opisnoeasy/course-service]2022/09/09 - 16:23:40.919	[34minfo[0m	D:/code/course-admin/initialize/router.go:92	router register success
[github.com/opisnoeasy/course-service]2022/09/09 - 16:23:40.924	[34minfo[0m	D:/code/course-admin/core/server.go:36	server run success on 	{"address": ":8888"}
