[github.com/opisnoeasy/course-service]2022/08/31 - 16:26:48.801	[34minfo[0m	D:/code/course-admin/initialize/gorm.go:72	register table success
[github.com/opisnoeasy/course-service]2022/08/31 - 16:26:48.811	[34minfo[0m	D:/code/course-admin/initialize/redis.go:23	redis connect ping response:	{"pong": "PONG"}
[github.com/opisnoeasy/course-service]2022/08/31 - 16:26:48.812	[34minfo[0m	D:/code/course-admin/initialize/router.go:40	register swagger handler
[github.com/opisnoeasy/course-service]2022/08/31 - 16:26:48.823	[34minfo[0m	D:/code/course-admin/initialize/router.go:92	router register success
[github.com/opisnoeasy/course-service]2022/08/31 - 16:26:48.832	[34minfo[0m	D:/code/course-admin/core/server.go:36	server run success on 	{"address": ":8888"}
[github.com/opisnoeasy/course-service]2022/08/31 - 16:30:47.026	[34minfo[0m	D:/code/course-admin/initialize/gorm.go:72	register table success
[github.com/opisnoeasy/course-service]2022/08/31 - 16:30:47.028	[34minfo[0m	D:/code/course-admin/initialize/redis.go:23	redis connect ping response:	{"pong": "PONG"}
[github.com/opisnoeasy/course-service]2022/08/31 - 16:30:47.029	[34minfo[0m	D:/code/course-admin/initialize/router.go:40	register swagger handler
[github.com/opisnoeasy/course-service]2022/08/31 - 16:30:47.040	[34minfo[0m	D:/code/course-admin/initialize/router.go:92	router register success
[github.com/opisnoeasy/course-service]2022/08/31 - 16:30:47.046	[34minfo[0m	D:/code/course-admin/core/server.go:36	server run success on 	{"address": ":8888"}
[github.com/opisnoeasy/course-service]2022/08/31 - 16:38:23.356	[34minfo[0m	D:/code/course-admin/initialize/gorm.go:72	register table success
[github.com/opisnoeasy/course-service]2022/08/31 - 16:38:23.358	[34minfo[0m	D:/code/course-admin/initialize/redis.go:23	redis connect ping response:	{"pong": "PONG"}
[github.com/opisnoeasy/course-service]2022/08/31 - 16:38:23.359	[34minfo[0m	D:/code/course-admin/initialize/router.go:40	register swagger handler
[github.com/opisnoeasy/course-service]2022/08/31 - 16:38:23.370	[34minfo[0m	D:/code/course-admin/initialize/router.go:92	router register success
[github.com/opisnoeasy/course-service]2022/08/31 - 16:38:23.383	[34minfo[0m	D:/code/course-admin/core/server.go:36	server run success on 	{"address": ":8888"}
[github.com/opisnoeasy/course-service]2022/08/31 - 16:39:24.908	[34minfo[0m	D:/code/course-admin/initialize/gorm.go:72	register table success
[github.com/opisnoeasy/course-service]2022/08/31 - 16:39:24.911	[34minfo[0m	D:/code/course-admin/initialize/redis.go:23	redis connect ping response:	{"pong": "PONG"}
[github.com/opisnoeasy/course-service]2022/08/31 - 16:39:24.912	[34minfo[0m	D:/code/course-admin/initialize/router.go:40	register swagger handler
[github.com/opisnoeasy/course-service]2022/08/31 - 16:39:24.921	[34minfo[0m	D:/code/course-admin/initialize/router.go:92	router register success
[github.com/opisnoeasy/course-service]2022/08/31 - 16:39:24.923	[34minfo[0m	D:/code/course-admin/core/server.go:36	server run success on 	{"address": ":8888"}
[github.com/opisnoeasy/course-service]2022/08/31 - 16:40:13.014	[34minfo[0m	D:/code/course-admin/initialize/gorm.go:72	register table success
[github.com/opisnoeasy/course-service]2022/08/31 - 16:40:13.017	[34minfo[0m	D:/code/course-admin/initialize/redis.go:23	redis connect ping response:	{"pong": "PONG"}
[github.com/opisnoeasy/course-service]2022/08/31 - 16:40:13.018	[34minfo[0m	D:/code/course-admin/initialize/router.go:40	register swagger handler
[github.com/opisnoeasy/course-service]2022/08/31 - 16:40:13.029	[34minfo[0m	D:/code/course-admin/initialize/router.go:92	router register success
[github.com/opisnoeasy/course-service]2022/08/31 - 16:40:13.041	[34minfo[0m	D:/code/course-admin/core/server.go:36	server run success on 	{"address": ":8888"}
[github.com/opisnoeasy/course-service]2022/08/31 - 16:45:08.298	[34minfo[0m	D:/code/course-admin/initialize/gorm.go:72	register table success
[github.com/opisnoeasy/course-service]2022/08/31 - 16:45:08.301	[34minfo[0m	D:/code/course-admin/initialize/redis.go:23	redis connect ping response:	{"pong": "PONG"}
[github.com/opisnoeasy/course-service]2022/08/31 - 16:45:08.301	[34minfo[0m	D:/code/course-admin/initialize/router.go:40	register swagger handler
[github.com/opisnoeasy/course-service]2022/08/31 - 16:45:08.312	[34minfo[0m	D:/code/course-admin/initialize/router.go:92	router register success
[github.com/opisnoeasy/course-service]2022/08/31 - 16:45:08.325	[34minfo[0m	D:/code/course-admin/core/server.go:36	server run success on 	{"address": ":8888"}
[github.com/opisnoeasy/course-service]2022/08/31 - 16:45:15.011	[34minfo[0m	D:/code/course-admin/initialize/gorm.go:72	register table success
[github.com/opisnoeasy/course-service]2022/08/31 - 16:45:15.014	[34minfo[0m	D:/code/course-admin/initialize/redis.go:23	redis connect ping response:	{"pong": "PONG"}
[github.com/opisnoeasy/course-service]2022/08/31 - 16:45:15.015	[34minfo[0m	D:/code/course-admin/initialize/router.go:40	register swagger handler
[github.com/opisnoeasy/course-service]2022/08/31 - 16:45:15.024	[34minfo[0m	D:/code/course-admin/initialize/router.go:92	router register success
[github.com/opisnoeasy/course-service]2022/08/31 - 16:45:15.026	[34minfo[0m	D:/code/course-admin/core/server.go:36	server run success on 	{"address": ":8888"}
[github.com/opisnoeasy/course-service]2022/08/31 - 16:46:43.229	[34minfo[0m	D:/code/course-admin/initialize/gorm.go:72	register table success
[github.com/opisnoeasy/course-service]2022/08/31 - 16:46:43.231	[34minfo[0m	D:/code/course-admin/initialize/redis.go:23	redis connect ping response:	{"pong": "PONG"}
[github.com/opisnoeasy/course-service]2022/08/31 - 16:46:43.232	[34minfo[0m	D:/code/course-admin/initialize/router.go:40	register swagger handler
[github.com/opisnoeasy/course-service]2022/08/31 - 16:46:43.242	[34minfo[0m	D:/code/course-admin/initialize/router.go:92	router register success
[github.com/opisnoeasy/course-service]2022/08/31 - 16:46:43.258	[34minfo[0m	D:/code/course-admin/core/server.go:36	server run success on 	{"address": ":8888"}
[github.com/opisnoeasy/course-service]2022/08/31 - 18:48:02.722	[34minfo[0m	D:/code/course-admin/initialize/gorm.go:72	register table success
[github.com/opisnoeasy/course-service]2022/08/31 - 18:48:02.726	[34minfo[0m	D:/code/course-admin/initialize/redis.go:23	redis connect ping response:	{"pong": "PONG"}
[github.com/opisnoeasy/course-service]2022/08/31 - 18:48:02.727	[34minfo[0m	D:/code/course-admin/initialize/router.go:40	register swagger handler
[github.com/opisnoeasy/course-service]2022/08/31 - 18:48:02.738	[34minfo[0m	D:/code/course-admin/initialize/router.go:92	router register success
[github.com/opisnoeasy/course-service]2022/08/31 - 18:48:02.749	[34minfo[0m	D:/code/course-admin/core/server.go:36	server run success on 	{"address": ":8888"}
[github.com/opisnoeasy/course-service]2022/08/31 - 18:50:28.660	[34minfo[0m	D:/code/course-admin/initialize/gorm.go:72	register table success
[github.com/opisnoeasy/course-service]2022/08/31 - 18:50:28.662	[34minfo[0m	D:/code/course-admin/initialize/redis.go:23	redis connect ping response:	{"pong": "PONG"}
[github.com/opisnoeasy/course-service]2022/08/31 - 18:50:28.664	[34minfo[0m	D:/code/course-admin/initialize/router.go:40	register swagger handler
[github.com/opisnoeasy/course-service]2022/08/31 - 18:50:28.673	[34minfo[0m	D:/code/course-admin/initialize/router.go:92	router register success
[github.com/opisnoeasy/course-service]2022/08/31 - 18:50:28.676	[34minfo[0m	D:/code/course-admin/core/server.go:36	server run success on 	{"address": ":8888"}
