[github.com/opisnoeasy/course-service]2022/08/29 - 13:58:47.266	[34minfo[0m	D:/code/course-admin/initialize/gorm.go:72	register table success
[github.com/opisnoeasy/course-service]2022/08/29 - 13:58:47.272	[34minfo[0m	D:/code/course-admin/initialize/redis.go:23	redis connect ping response:	{"pong": "PONG"}
[github.com/opisnoeasy/course-service]2022/08/29 - 13:58:47.273	[34minfo[0m	D:/code/course-admin/initialize/router.go:40	register swagger handler
[github.com/opisnoeasy/course-service]2022/08/29 - 13:58:47.285	[34minfo[0m	D:/code/course-admin/initialize/router.go:92	router register success
[github.com/opisnoeasy/course-service]2022/08/29 - 13:58:47.289	[34minfo[0m	D:/code/course-admin/core/server.go:36	server run success on 	{"address": ":8888"}
[github.com/opisnoeasy/course-service]2022/08/29 - 16:15:54.167	[34minfo[0m	D:/code/course-admin/initialize/gorm.go:72	register table success
[github.com/opisnoeasy/course-service]2022/08/29 - 16:15:54.170	[34minfo[0m	D:/code/course-admin/initialize/redis.go:23	redis connect ping response:	{"pong": "PONG"}
[github.com/opisnoeasy/course-service]2022/08/29 - 16:15:54.170	[34minfo[0m	D:/code/course-admin/initialize/router.go:40	register swagger handler
[github.com/opisnoeasy/course-service]2022/08/29 - 16:15:54.181	[34minfo[0m	D:/code/course-admin/initialize/router.go:92	router register success
[github.com/opisnoeasy/course-service]2022/08/29 - 16:15:54.195	[34minfo[0m	D:/code/course-admin/core/server.go:36	server run success on 	{"address": ":8888"}
[github.com/opisnoeasy/course-service]2022/08/29 - 16:19:36.792	[34minfo[0m	D:/code/course-admin/initialize/gorm.go:72	register table success
[github.com/opisnoeasy/course-service]2022/08/29 - 16:19:36.795	[34minfo[0m	D:/code/course-admin/initialize/redis.go:23	redis connect ping response:	{"pong": "PONG"}
[github.com/opisnoeasy/course-service]2022/08/29 - 16:19:36.797	[34minfo[0m	D:/code/course-admin/initialize/router.go:40	register swagger handler
[github.com/opisnoeasy/course-service]2022/08/29 - 16:19:36.807	[34minfo[0m	D:/code/course-admin/initialize/router.go:92	router register success
[github.com/opisnoeasy/course-service]2022/08/29 - 16:19:36.809	[34minfo[0m	D:/code/course-admin/core/server.go:36	server run success on 	{"address": ":8888"}
[github.com/opisnoeasy/course-service]2022/08/29 - 16:21:00.429	[34minfo[0m	D:/code/course-admin/initialize/gorm.go:72	register table success
[github.com/opisnoeasy/course-service]2022/08/29 - 16:21:00.432	[34minfo[0m	D:/code/course-admin/initialize/redis.go:23	redis connect ping response:	{"pong": "PONG"}
[github.com/opisnoeasy/course-service]2022/08/29 - 16:21:00.433	[34minfo[0m	D:/code/course-admin/initialize/router.go:40	register swagger handler
[github.com/opisnoeasy/course-service]2022/08/29 - 16:21:00.443	[34minfo[0m	D:/code/course-admin/initialize/router.go:92	router register success
[github.com/opisnoeasy/course-service]2022/08/29 - 16:21:00.460	[34minfo[0m	D:/code/course-admin/core/server.go:36	server run success on 	{"address": ":8888"}
[github.com/opisnoeasy/course-service]2022/08/29 - 16:23:46.703	[34minfo[0m	D:/code/course-admin/initialize/gorm.go:72	register table success
[github.com/opisnoeasy/course-service]2022/08/29 - 16:23:46.705	[34minfo[0m	D:/code/course-admin/initialize/redis.go:23	redis connect ping response:	{"pong": "PONG"}
[github.com/opisnoeasy/course-service]2022/08/29 - 16:23:46.706	[34minfo[0m	D:/code/course-admin/initialize/router.go:40	register swagger handler
[github.com/opisnoeasy/course-service]2022/08/29 - 16:23:46.717	[34minfo[0m	D:/code/course-admin/initialize/router.go:92	router register success
[github.com/opisnoeasy/course-service]2022/08/29 - 16:23:46.731	[34minfo[0m	D:/code/course-admin/core/server.go:36	server run success on 	{"address": ":8888"}
[github.com/opisnoeasy/course-service]2022/08/29 - 16:25:20.261	[34minfo[0m	D:/code/course-admin/initialize/gorm.go:72	register table success
[github.com/opisnoeasy/course-service]2022/08/29 - 16:25:20.263	[34minfo[0m	D:/code/course-admin/initialize/redis.go:23	redis connect ping response:	{"pong": "PONG"}
[github.com/opisnoeasy/course-service]2022/08/29 - 16:25:20.264	[34minfo[0m	D:/code/course-admin/initialize/router.go:40	register swagger handler
[github.com/opisnoeasy/course-service]2022/08/29 - 16:25:20.275	[34minfo[0m	D:/code/course-admin/initialize/router.go:92	router register success
[github.com/opisnoeasy/course-service]2022/08/29 - 16:25:20.290	[34minfo[0m	D:/code/course-admin/core/server.go:36	server run success on 	{"address": ":8888"}
[github.com/opisnoeasy/course-service]2022/08/29 - 16:25:36.882	[34minfo[0m	D:/code/course-admin/initialize/gorm.go:72	register table success
[github.com/opisnoeasy/course-service]2022/08/29 - 16:25:36.885	[34minfo[0m	D:/code/course-admin/initialize/redis.go:23	redis connect ping response:	{"pong": "PONG"}
[github.com/opisnoeasy/course-service]2022/08/29 - 16:25:36.886	[34minfo[0m	D:/code/course-admin/initialize/router.go:40	register swagger handler
[github.com/opisnoeasy/course-service]2022/08/29 - 16:25:36.896	[34minfo[0m	D:/code/course-admin/initialize/router.go:92	router register success
[github.com/opisnoeasy/course-service]2022/08/29 - 16:25:36.905	[34minfo[0m	D:/code/course-admin/core/server.go:36	server run success on 	{"address": ":8888"}
[github.com/opisnoeasy/course-service]2022/08/29 - 16:27:50.767	[34minfo[0m	D:/code/course-admin/initialize/gorm.go:72	register table success
[github.com/opisnoeasy/course-service]2022/08/29 - 16:27:50.769	[34minfo[0m	D:/code/course-admin/initialize/redis.go:23	redis connect ping response:	{"pong": "PONG"}
[github.com/opisnoeasy/course-service]2022/08/29 - 16:27:50.770	[34minfo[0m	D:/code/course-admin/initialize/router.go:40	register swagger handler
[github.com/opisnoeasy/course-service]2022/08/29 - 16:27:50.780	[34minfo[0m	D:/code/course-admin/initialize/router.go:92	router register success
[github.com/opisnoeasy/course-service]2022/08/29 - 16:27:50.794	[34minfo[0m	D:/code/course-admin/core/server.go:36	server run success on 	{"address": ":8888"}
[github.com/opisnoeasy/course-service]2022/08/29 - 16:28:40.826	[34minfo[0m	D:/code/course-admin/initialize/gorm.go:72	register table success
[github.com/opisnoeasy/course-service]2022/08/29 - 16:28:40.830	[34minfo[0m	D:/code/course-admin/initialize/redis.go:23	redis connect ping response:	{"pong": "PONG"}
[github.com/opisnoeasy/course-service]2022/08/29 - 16:28:40.831	[34minfo[0m	D:/code/course-admin/initialize/router.go:40	register swagger handler
[github.com/opisnoeasy/course-service]2022/08/29 - 16:28:40.843	[34minfo[0m	D:/code/course-admin/initialize/router.go:92	router register success
[github.com/opisnoeasy/course-service]2022/08/29 - 16:28:40.857	[34minfo[0m	D:/code/course-admin/core/server.go:36	server run success on 	{"address": ":8888"}
[github.com/opisnoeasy/course-service]2022/08/29 - 16:36:30.485	[34minfo[0m	D:/code/course-admin/initialize/gorm.go:72	register table success
[github.com/opisnoeasy/course-service]2022/08/29 - 16:36:30.487	[34minfo[0m	D:/code/course-admin/initialize/redis.go:23	redis connect ping response:	{"pong": "PONG"}
[github.com/opisnoeasy/course-service]2022/08/29 - 16:36:30.488	[34minfo[0m	D:/code/course-admin/initialize/router.go:40	register swagger handler
[github.com/opisnoeasy/course-service]2022/08/29 - 16:36:30.499	[34minfo[0m	D:/code/course-admin/initialize/router.go:92	router register success
[github.com/opisnoeasy/course-service]2022/08/29 - 16:36:30.508	[34minfo[0m	D:/code/course-admin/core/server.go:36	server run success on 	{"address": ":8888"}
[github.com/opisnoeasy/course-service]2022/08/29 - 16:40:58.883	[34minfo[0m	D:/code/course-admin/initialize/gorm.go:72	register table success
[github.com/opisnoeasy/course-service]2022/08/29 - 16:40:58.885	[34minfo[0m	D:/code/course-admin/initialize/redis.go:23	redis connect ping response:	{"pong": "PONG"}
[github.com/opisnoeasy/course-service]2022/08/29 - 16:40:58.886	[34minfo[0m	D:/code/course-admin/initialize/router.go:40	register swagger handler
[github.com/opisnoeasy/course-service]2022/08/29 - 16:40:58.897	[34minfo[0m	D:/code/course-admin/initialize/router.go:92	router register success
[github.com/opisnoeasy/course-service]2022/08/29 - 16:40:58.906	[34minfo[0m	D:/code/course-admin/core/server.go:36	server run success on 	{"address": ":8888"}
[github.com/opisnoeasy/course-service]2022/08/29 - 16:41:10.564	[34minfo[0m	D:/code/course-admin/initialize/gorm.go:72	register table success
[github.com/opisnoeasy/course-service]2022/08/29 - 16:41:10.567	[34minfo[0m	D:/code/course-admin/initialize/redis.go:23	redis connect ping response:	{"pong": "PONG"}
[github.com/opisnoeasy/course-service]2022/08/29 - 16:41:10.568	[34minfo[0m	D:/code/course-admin/initialize/router.go:40	register swagger handler
[github.com/opisnoeasy/course-service]2022/08/29 - 16:41:10.578	[34minfo[0m	D:/code/course-admin/initialize/router.go:92	router register success
[github.com/opisnoeasy/course-service]2022/08/29 - 16:41:10.581	[34minfo[0m	D:/code/course-admin/core/server.go:36	server run success on 	{"address": ":8888"}
[github.com/opisnoeasy/course-service]2022/08/29 - 16:53:36.433	[34minfo[0m	D:/code/course-admin/initialize/gorm.go:72	register table success
[github.com/opisnoeasy/course-service]2022/08/29 - 16:53:36.435	[34minfo[0m	D:/code/course-admin/initialize/redis.go:23	redis connect ping response:	{"pong": "PONG"}
[github.com/opisnoeasy/course-service]2022/08/29 - 16:53:36.436	[34minfo[0m	D:/code/course-admin/initialize/router.go:40	register swagger handler
[github.com/opisnoeasy/course-service]2022/08/29 - 16:53:36.446	[34minfo[0m	D:/code/course-admin/initialize/router.go:92	router register success
[github.com/opisnoeasy/course-service]2022/08/29 - 16:53:36.461	[34minfo[0m	D:/code/course-admin/core/server.go:36	server run success on 	{"address": ":8888"}
[github.com/opisnoeasy/course-service]2022/08/29 - 16:56:12.750	[34minfo[0m	D:/code/course-admin/initialize/gorm.go:72	register table success
[github.com/opisnoeasy/course-service]2022/08/29 - 16:56:12.753	[34minfo[0m	D:/code/course-admin/initialize/redis.go:23	redis connect ping response:	{"pong": "PONG"}
[github.com/opisnoeasy/course-service]2022/08/29 - 16:56:12.754	[34minfo[0m	D:/code/course-admin/initialize/router.go:40	register swagger handler
[github.com/opisnoeasy/course-service]2022/08/29 - 16:56:12.763	[34minfo[0m	D:/code/course-admin/initialize/router.go:92	router register success
[github.com/opisnoeasy/course-service]2022/08/29 - 16:56:12.764	[34minfo[0m	D:/code/course-admin/core/server.go:36	server run success on 	{"address": ":8888"}
[github.com/opisnoeasy/course-service]2022/08/29 - 17:33:40.904	[34minfo[0m	D:/code/course-admin/initialize/gorm.go:72	register table success
[github.com/opisnoeasy/course-service]2022/08/29 - 17:33:40.907	[34minfo[0m	D:/code/course-admin/initialize/redis.go:23	redis connect ping response:	{"pong": "PONG"}
[github.com/opisnoeasy/course-service]2022/08/29 - 17:33:40.907	[34minfo[0m	D:/code/course-admin/initialize/router.go:40	register swagger handler
[github.com/opisnoeasy/course-service]2022/08/29 - 17:33:40.917	[34minfo[0m	D:/code/course-admin/initialize/router.go:92	router register success
[github.com/opisnoeasy/course-service]2022/08/29 - 17:33:40.926	[34minfo[0m	D:/code/course-admin/core/server.go:36	server run success on 	{"address": ":8888"}
[github.com/opisnoeasy/course-service]2022/08/29 - 17:35:16.938	[34minfo[0m	D:/code/course-admin/initialize/gorm.go:72	register table success
[github.com/opisnoeasy/course-service]2022/08/29 - 17:35:16.940	[34minfo[0m	D:/code/course-admin/initialize/redis.go:23	redis connect ping response:	{"pong": "PONG"}
[github.com/opisnoeasy/course-service]2022/08/29 - 17:35:16.941	[34minfo[0m	D:/code/course-admin/initialize/router.go:40	register swagger handler
[github.com/opisnoeasy/course-service]2022/08/29 - 17:35:16.952	[34minfo[0m	D:/code/course-admin/initialize/router.go:92	router register success
[github.com/opisnoeasy/course-service]2022/08/29 - 17:35:16.961	[34minfo[0m	D:/code/course-admin/core/server.go:36	server run success on 	{"address": ":8888"}
[github.com/opisnoeasy/course-service]2022/08/29 - 17:35:59.276	[34minfo[0m	D:/code/course-admin/initialize/gorm.go:72	register table success
[github.com/opisnoeasy/course-service]2022/08/29 - 17:35:59.278	[34minfo[0m	D:/code/course-admin/initialize/redis.go:23	redis connect ping response:	{"pong": "PONG"}
[github.com/opisnoeasy/course-service]2022/08/29 - 17:35:59.279	[34minfo[0m	D:/code/course-admin/initialize/router.go:40	register swagger handler
[github.com/opisnoeasy/course-service]2022/08/29 - 17:35:59.289	[34minfo[0m	D:/code/course-admin/initialize/router.go:92	router register success
[github.com/opisnoeasy/course-service]2022/08/29 - 17:35:59.290	[34minfo[0m	D:/code/course-admin/core/server.go:36	server run success on 	{"address": ":8888"}
[github.com/opisnoeasy/course-service]2022/08/29 - 17:38:09.097	[34minfo[0m	D:/code/course-admin/initialize/gorm.go:72	register table success
[github.com/opisnoeasy/course-service]2022/08/29 - 17:38:09.099	[34minfo[0m	D:/code/course-admin/initialize/redis.go:23	redis connect ping response:	{"pong": "PONG"}
[github.com/opisnoeasy/course-service]2022/08/29 - 17:38:09.099	[34minfo[0m	D:/code/course-admin/initialize/router.go:40	register swagger handler
[github.com/opisnoeasy/course-service]2022/08/29 - 17:38:09.111	[34minfo[0m	D:/code/course-admin/initialize/router.go:92	router register success
[github.com/opisnoeasy/course-service]2022/08/29 - 17:38:09.119	[34minfo[0m	D:/code/course-admin/core/server.go:36	server run success on 	{"address": ":8888"}
[github.com/opisnoeasy/course-service]2022/08/29 - 18:00:14.910	[34minfo[0m	D:/code/course-admin/initialize/gorm.go:72	register table success
[github.com/opisnoeasy/course-service]2022/08/29 - 18:00:14.912	[34minfo[0m	D:/code/course-admin/initialize/redis.go:23	redis connect ping response:	{"pong": "PONG"}
[github.com/opisnoeasy/course-service]2022/08/29 - 18:00:14.914	[34minfo[0m	D:/code/course-admin/initialize/router.go:40	register swagger handler
[github.com/opisnoeasy/course-service]2022/08/29 - 18:00:14.925	[34minfo[0m	D:/code/course-admin/initialize/router.go:92	router register success
[github.com/opisnoeasy/course-service]2022/08/29 - 18:00:14.928	[34minfo[0m	D:/code/course-admin/core/server.go:36	server run success on 	{"address": ":8888"}
[github.com/opisnoeasy/course-service]2022/08/29 - 18:01:08.321	[34minfo[0m	D:/code/course-admin/initialize/gorm.go:72	register table success
[github.com/opisnoeasy/course-service]2022/08/29 - 18:01:08.324	[34minfo[0m	D:/code/course-admin/initialize/redis.go:23	redis connect ping response:	{"pong": "PONG"}
[github.com/opisnoeasy/course-service]2022/08/29 - 18:01:08.325	[34minfo[0m	D:/code/course-admin/initialize/router.go:40	register swagger handler
[github.com/opisnoeasy/course-service]2022/08/29 - 18:01:08.337	[34minfo[0m	D:/code/course-admin/initialize/router.go:92	router register success
[github.com/opisnoeasy/course-service]2022/08/29 - 18:01:08.342	[34minfo[0m	D:/code/course-admin/core/server.go:36	server run success on 	{"address": ":8888"}
[github.com/opisnoeasy/course-service]2022/08/29 - 18:02:48.443	[34minfo[0m	D:/code/course-admin/initialize/gorm.go:72	register table success
[github.com/opisnoeasy/course-service]2022/08/29 - 18:02:48.446	[34minfo[0m	D:/code/course-admin/initialize/redis.go:23	redis connect ping response:	{"pong": "PONG"}
[github.com/opisnoeasy/course-service]2022/08/29 - 18:02:48.447	[34minfo[0m	D:/code/course-admin/initialize/router.go:40	register swagger handler
[github.com/opisnoeasy/course-service]2022/08/29 - 18:02:48.457	[34minfo[0m	D:/code/course-admin/initialize/router.go:92	router register success
[github.com/opisnoeasy/course-service]2022/08/29 - 18:02:48.459	[34minfo[0m	D:/code/course-admin/core/server.go:36	server run success on 	{"address": ":8888"}
[github.com/opisnoeasy/course-service]2022/08/29 - 18:03:18.524	[34minfo[0m	D:/code/course-admin/initialize/gorm.go:72	register table success
[github.com/opisnoeasy/course-service]2022/08/29 - 18:03:18.526	[34minfo[0m	D:/code/course-admin/initialize/redis.go:23	redis connect ping response:	{"pong": "PONG"}
[github.com/opisnoeasy/course-service]2022/08/29 - 18:03:18.527	[34minfo[0m	D:/code/course-admin/initialize/router.go:40	register swagger handler
[github.com/opisnoeasy/course-service]2022/08/29 - 18:03:18.537	[34minfo[0m	D:/code/course-admin/initialize/router.go:92	router register success
[github.com/opisnoeasy/course-service]2022/08/29 - 18:03:18.538	[34minfo[0m	D:/code/course-admin/core/server.go:36	server run success on 	{"address": ":8888"}
[github.com/opisnoeasy/course-service]2022/08/29 - 18:04:06.245	[34minfo[0m	D:/code/course-admin/initialize/gorm.go:72	register table success
[github.com/opisnoeasy/course-service]2022/08/29 - 18:04:06.247	[34minfo[0m	D:/code/course-admin/initialize/redis.go:23	redis connect ping response:	{"pong": "PONG"}
[github.com/opisnoeasy/course-service]2022/08/29 - 18:04:06.248	[34minfo[0m	D:/code/course-admin/initialize/router.go:40	register swagger handler
[github.com/opisnoeasy/course-service]2022/08/29 - 18:04:06.258	[34minfo[0m	D:/code/course-admin/initialize/router.go:92	router register success
[github.com/opisnoeasy/course-service]2022/08/29 - 18:04:06.272	[34minfo[0m	D:/code/course-admin/core/server.go:36	server run success on 	{"address": ":8888"}
[github.com/opisnoeasy/course-service]2022/08/29 - 18:04:53.505	[34minfo[0m	D:/code/course-admin/initialize/gorm.go:72	register table success
[github.com/opisnoeasy/course-service]2022/08/29 - 18:04:53.507	[34minfo[0m	D:/code/course-admin/initialize/redis.go:23	redis connect ping response:	{"pong": "PONG"}
[github.com/opisnoeasy/course-service]2022/08/29 - 18:04:53.508	[34minfo[0m	D:/code/course-admin/initialize/router.go:40	register swagger handler
[github.com/opisnoeasy/course-service]2022/08/29 - 18:04:53.518	[34minfo[0m	D:/code/course-admin/initialize/router.go:92	router register success
[github.com/opisnoeasy/course-service]2022/08/29 - 18:04:53.522	[34minfo[0m	D:/code/course-admin/core/server.go:36	server run success on 	{"address": ":8888"}
[github.com/opisnoeasy/course-service]2022/08/29 - 18:20:07.904	[34minfo[0m	D:/code/course-admin/initialize/gorm.go:72	register table success
[github.com/opisnoeasy/course-service]2022/08/29 - 18:20:07.907	[34minfo[0m	D:/code/course-admin/initialize/redis.go:23	redis connect ping response:	{"pong": "PONG"}
[github.com/opisnoeasy/course-service]2022/08/29 - 18:20:07.907	[34minfo[0m	D:/code/course-admin/initialize/router.go:40	register swagger handler
[github.com/opisnoeasy/course-service]2022/08/29 - 18:20:07.918	[34minfo[0m	D:/code/course-admin/initialize/router.go:92	router register success
[github.com/opisnoeasy/course-service]2022/08/29 - 18:20:07.932	[34minfo[0m	D:/code/course-admin/core/server.go:36	server run success on 	{"address": ":8888"}
[github.com/opisnoeasy/course-service]2022/08/29 - 18:21:53.655	[34minfo[0m	D:/code/course-admin/initialize/gorm.go:72	register table success
[github.com/opisnoeasy/course-service]2022/08/29 - 18:21:53.657	[34minfo[0m	D:/code/course-admin/initialize/redis.go:23	redis connect ping response:	{"pong": "PONG"}
[github.com/opisnoeasy/course-service]2022/08/29 - 18:21:53.658	[34minfo[0m	D:/code/course-admin/initialize/router.go:40	register swagger handler
[github.com/opisnoeasy/course-service]2022/08/29 - 18:21:53.669	[34minfo[0m	D:/code/course-admin/initialize/router.go:92	router register success
[github.com/opisnoeasy/course-service]2022/08/29 - 18:21:53.677	[34minfo[0m	D:/code/course-admin/core/server.go:36	server run success on 	{"address": ":8888"}
[github.com/opisnoeasy/course-service]2022/08/29 - 18:22:36.767	[34minfo[0m	D:/code/course-admin/initialize/gorm.go:72	register table success
[github.com/opisnoeasy/course-service]2022/08/29 - 18:22:36.770	[34minfo[0m	D:/code/course-admin/initialize/redis.go:23	redis connect ping response:	{"pong": "PONG"}
[github.com/opisnoeasy/course-service]2022/08/29 - 18:22:36.771	[34minfo[0m	D:/code/course-admin/initialize/router.go:40	register swagger handler
[github.com/opisnoeasy/course-service]2022/08/29 - 18:22:36.781	[34minfo[0m	D:/code/course-admin/initialize/router.go:92	router register success
[github.com/opisnoeasy/course-service]2022/08/29 - 18:22:36.783	[34minfo[0m	D:/code/course-admin/core/server.go:36	server run success on 	{"address": ":8888"}
[github.com/opisnoeasy/course-service]2022/08/29 - 18:25:58.964	[34minfo[0m	D:/code/course-admin/initialize/gorm.go:72	register table success
[github.com/opisnoeasy/course-service]2022/08/29 - 18:25:58.966	[34minfo[0m	D:/code/course-admin/initialize/redis.go:23	redis connect ping response:	{"pong": "PONG"}
[github.com/opisnoeasy/course-service]2022/08/29 - 18:25:58.967	[34minfo[0m	D:/code/course-admin/initialize/router.go:40	register swagger handler
[github.com/opisnoeasy/course-service]2022/08/29 - 18:25:58.977	[34minfo[0m	D:/code/course-admin/initialize/router.go:92	router register success
[github.com/opisnoeasy/course-service]2022/08/29 - 18:25:58.987	[34minfo[0m	D:/code/course-admin/core/server.go:36	server run success on 	{"address": ":8888"}
[github.com/opisnoeasy/course-service]2022/08/29 - 18:30:09.822	[34minfo[0m	D:/code/course-admin/initialize/gorm.go:72	register table success
[github.com/opisnoeasy/course-service]2022/08/29 - 18:30:09.825	[34minfo[0m	D:/code/course-admin/initialize/redis.go:23	redis connect ping response:	{"pong": "PONG"}
[github.com/opisnoeasy/course-service]2022/08/29 - 18:30:09.826	[34minfo[0m	D:/code/course-admin/initialize/router.go:40	register swagger handler
[github.com/opisnoeasy/course-service]2022/08/29 - 18:30:09.836	[34minfo[0m	D:/code/course-admin/initialize/router.go:92	router register success
[github.com/opisnoeasy/course-service]2022/08/29 - 18:30:09.837	[34minfo[0m	D:/code/course-admin/core/server.go:36	server run success on 	{"address": ":8888"}
[github.com/opisnoeasy/course-service]2022/08/29 - 18:34:27.306	[34minfo[0m	D:/code/course-admin/initialize/gorm.go:72	register table success
[github.com/opisnoeasy/course-service]2022/08/29 - 18:34:27.309	[34minfo[0m	D:/code/course-admin/initialize/redis.go:23	redis connect ping response:	{"pong": "PONG"}
[github.com/opisnoeasy/course-service]2022/08/29 - 18:34:27.310	[34minfo[0m	D:/code/course-admin/initialize/router.go:40	register swagger handler
[github.com/opisnoeasy/course-service]2022/08/29 - 18:34:27.320	[34minfo[0m	D:/code/course-admin/initialize/router.go:92	router register success
[github.com/opisnoeasy/course-service]2022/08/29 - 18:34:27.322	[34minfo[0m	D:/code/course-admin/core/server.go:36	server run success on 	{"address": ":8888"}
[github.com/opisnoeasy/course-service]2022/08/29 - 18:35:47.668	[34minfo[0m	D:/code/course-admin/initialize/gorm.go:72	register table success
[github.com/opisnoeasy/course-service]2022/08/29 - 18:35:47.670	[34minfo[0m	D:/code/course-admin/initialize/redis.go:23	redis connect ping response:	{"pong": "PONG"}
[github.com/opisnoeasy/course-service]2022/08/29 - 18:35:47.672	[34minfo[0m	D:/code/course-admin/initialize/router.go:40	register swagger handler
[github.com/opisnoeasy/course-service]2022/08/29 - 18:35:47.682	[34minfo[0m	D:/code/course-admin/initialize/router.go:92	router register success
[github.com/opisnoeasy/course-service]2022/08/29 - 18:35:47.689	[34minfo[0m	D:/code/course-admin/core/server.go:36	server run success on 	{"address": ":8888"}
[github.com/opisnoeasy/course-service]2022/08/29 - 18:36:47.692	[34minfo[0m	D:/code/course-admin/initialize/gorm.go:72	register table success
[github.com/opisnoeasy/course-service]2022/08/29 - 18:36:47.695	[34minfo[0m	D:/code/course-admin/initialize/redis.go:23	redis connect ping response:	{"pong": "PONG"}
[github.com/opisnoeasy/course-service]2022/08/29 - 18:36:47.696	[34minfo[0m	D:/code/course-admin/initialize/router.go:40	register swagger handler
[github.com/opisnoeasy/course-service]2022/08/29 - 18:36:47.706	[34minfo[0m	D:/code/course-admin/initialize/router.go:92	router register success
[github.com/opisnoeasy/course-service]2022/08/29 - 18:36:47.720	[34minfo[0m	D:/code/course-admin/core/server.go:36	server run success on 	{"address": ":8888"}
[github.com/opisnoeasy/course-service]2022/08/29 - 18:37:18.123	[34minfo[0m	D:/code/course-admin/initialize/gorm.go:72	register table success
[github.com/opisnoeasy/course-service]2022/08/29 - 18:37:18.125	[34minfo[0m	D:/code/course-admin/initialize/redis.go:23	redis connect ping response:	{"pong": "PONG"}
[github.com/opisnoeasy/course-service]2022/08/29 - 18:37:18.126	[34minfo[0m	D:/code/course-admin/initialize/router.go:40	register swagger handler
[github.com/opisnoeasy/course-service]2022/08/29 - 18:37:18.137	[34minfo[0m	D:/code/course-admin/initialize/router.go:92	router register success
[github.com/opisnoeasy/course-service]2022/08/29 - 18:37:18.144	[34minfo[0m	D:/code/course-admin/core/server.go:36	server run success on 	{"address": ":8888"}
